Flutter crash report.
Please report a bug at https://github.com/flutter/flutter/issues.

## command

flutter run -d chrome

## exception

PathNotFoundException: PathNotFoundException: Cannot delete file, path = '/Users/ismaielshakir/Desktop/ZaryahPlusApp-Main/ZRHPlus_v1/build/211db14c7868c7687d7b438ac56478c9/_composite.stamp' (OS Error: No such file or directory, errno = 2)

```
#0      _File.throwIfError (dart:io/file_impl.dart:783:7)
#1      _File._deleteSync (dart:io/file_impl.dart:368:5)
#2      FileSystemEntity.deleteSync (dart:io/file_system_entity.dart:425:7)
#3      ForwardingFileSystemEntity.deleteSync (package:file/src/forwarding/forwarding_file_system_entity.dart:70:16)
#4      ForwardingFileSystemEntity.deleteSync (package:file/src/forwarding/forwarding_file_system_entity.dart:70:16)
#5      new Node (package:flutter_tools/src/build_system/build_system.dart:1017:15)
#6      Target._toNode (package:flutter_tools/src/build_system/build_system.dart:164:12)
#7      FlutterBuildSystem.buildIncremental (package:flutter_tools/src/build_system/build_system.dart:698:30)
#8      ResidentRunner.runSourceGenerators (package:flutter_tools/src/resident_runner.dart:1241:44)
#9      ResidentWebRunner.run.<anonymous closure> (package:flutter_tools/src/isolated/resident_web_runner.dart:323:17)
<asynchronous suspension>
#10     asyncGuard.<anonymous closure> (package:flutter_tools/src/base/async_guard.dart:108:24)
<asynchronous suspension>
```

## flutter doctor

```
[32m[✓][39m Flutter (Channel stable, 3.38.3, on macOS 26.1 25B78
    darwin-arm64, locale en-AU) [138ms]
    [32m•[39m Flutter version 3.38.3 on channel stable at
      /opt/homebrew/share/flutter
    [32m•[39m Upstream repository https://github.com/flutter/flutter.git
    [32m•[39m Framework revision 19074d12f7 (5 days ago), 2025-11-20 17:53:13
      -0500
    [32m•[39m Engine revision 13e658725d
    [32m•[39m Dart version 3.10.1
    [32m•[39m DevTools version 2.51.1
    [32m•[39m Feature flags: enable-web, enable-linux-desktop,
      enable-macos-desktop, enable-windows-desktop, enable-android,
      enable-ios, cli-animations, enable-native-assets,
      omit-legacy-version-file, enable-lldb-debugging

[32m[✓][39m Android toolchain - develop for Android devices (Android SDK
    version 36.1.0) [1,990ms]
    [32m•[39m Android SDK at /Users/ismaielshakir/Library/Android/sdk
    [32m•[39m Emulator version 36.2.12.0 (build_id 14214601) (CL:N/A)
    [32m•[39m Platform android-36, build-tools 36.1.0
    [32m•[39m Java binary at: /Applications/Android
      Studio.app/Contents/jbr/Contents/Home/bin/java
      This JDK is specified in your Flutter configuration.
      To change the current JDK, run: `flutter config
      --jdk-dir="path/to/jdk"`.
    [32m•[39m Java version OpenJDK Runtime Environment (build
      21.0.8+-14196175-b1038.72)
    [32m•[39m All Android licenses accepted.

[33m[!][39m Xcode - develop for iOS and macOS [1,211ms]
    [31m✗[39m Xcode installation is incomplete; a full installation is
      necessary for iOS and macOS development.
      Download at: https://developer.apple.com/xcode/
      Or install Xcode via the App Store.
      Once installed, run:
        sudo xcode-select --switch
        /Applications/Xcode.app/Contents/Developer
        sudo xcodebuild -runFirstLaunch
    [32m•[39m CocoaPods version 1.16.2

[32m[✓][39m Chrome - develop for the web [44ms]
    [32m•[39m Chrome at /Applications/Google Chrome.app/Contents/MacOS/Google
      Chrome

[32m[✓][39m Connected device (2 available) [365ms]
    [32m•[39m macOS (desktop) • macos  • darwin-arm64   • macOS 26.1 25B78
      darwin-arm64
    [32m•[39m Chrome (web)    • chrome • web-javascript • Google Chrome
      142.0.7444.176

[32m[✓][39m Network resources [1,824ms]
    [32m•[39m All expected network resources are available.

[33m![39m Doctor found issues in 1 category.
```
