::1 - - [30/Nov/2025 19:52:35] "GET / HTTP/1.1" 200 -
::1 - - [30/Nov/2025 19:52:35] "GET /assets/assets/images/app_logo.jpg HTTP/1.1" 200 -
::1 - - [30/Nov/2025 19:52:35] "GET /flutter_bootstrap.js HTTP/1.1" 200 -
::1 - - [30/Nov/2025 19:52:35] "GET /manifest.json HTTP/1.1" 200 -
::1 - - [30/Nov/2025 19:52:35] "GET /flutter_service_worker.js?v=2673677276 HTTP/1.1" 200 -
::1 - - [30/Nov/2025 19:52:35] "GET /icons/Icon-192.png HTTP/1.1" 200 -
::1 - - [30/Nov/2025 19:52:35] "GET /main.dart.js HTTP/1.1" 200 -
::1 - - [30/Nov/2025 19:52:35] "GET /index.html HTTP/1.1" 200 -
::1 - - [30/Nov/2025 19:52:35] "GET /flutter_bootstrap.js HTTP/1.1" 200 -
::1 - - [30/Nov/2025 19:52:35] "GET /assets/AssetManifest.bin.json HTTP/1.1" 200 -
::1 - - [30/Nov/2025 19:52:35] "GET /assets/FontManifest.json HTTP/1.1" 200 -
::1 - - [30/Nov/2025 19:52:36] "GET /assets/fonts/MaterialIcons-Regular.otf HTTP/1.1" 200 -
::1 - - [30/Nov/2025 19:52:36] "GET /assets/packages/phosphor_flutter/lib/fonts/Phosphor-Bold.ttf HTTP/1.1" 200 -
::1 - - [30/Nov/2025 19:52:36] "GET /assets/packages/phosphor_flutter/lib/fonts/Phosphor-Duotone.ttf HTTP/1.1" 200 -
::1 - - [30/Nov/2025 19:52:36] "GET /assets/packages/phosphor_flutter/lib/fonts/Phosphor-Fill.ttf HTTP/1.1" 200 -
::1 - - [30/Nov/2025 19:52:36] "GET /assets/packages/phosphor_flutter/lib/fonts/Phosphor-Thin.ttf HTTP/1.1" 200 -
::1 - - [30/Nov/2025 19:52:36] "GET /assets/packages/phosphor_flutter/lib/fonts/Phosphor-Light.ttf HTTP/1.1" 200 -
::1 - - [30/Nov/2025 19:52:36] "GET /assets/packages/phosphor_flutter/lib/fonts/Phosphor.ttf HTTP/1.1" 200 -
::1 - - [30/Nov/2025 19:52:36] "GET /assets/packages/flutter_islamic_icons/assets/fonts/IslamicIcons.ttf HTTP/1.1" 200 -
::1 - - [30/Nov/2025 19:52:36] "GET /assets/packages/cupertino_icons/assets/CupertinoIcons.ttf HTTP/1.1" 200 -
::1 - - [30/Nov/2025 19:52:36] "GET /assets/.env HTTP/1.1" 200 -
::1 - - [30/Nov/2025 19:52:37] code 404, message File not found
::1 - - [30/Nov/2025 19:52:37] "GET /firebase-messaging-sw.js HTTP/1.1" 404 -
::1 - - [30/Nov/2025 19:52:37] "GET /assets/assets/data/shariah_compliance_data.json HTTP/1.1" 200 -
::1 - - [30/Nov/2025 19:52:37] "GET /assets/assets/videos/splash_video.mov HTTP/1.1" 200 -
::1 - - [30/Nov/2025 19:52:45] "GET / HTTP/1.1" 200 -
::1 - - [30/Nov/2025 19:52:45] "GET /manifest.json HTTP/1.1" 200 -
::1 - - [30/Nov/2025 19:52:45] "GET /assets/assets/images/app_logo.jpg HTTP/1.1" 200 -
::1 - - [30/Nov/2025 19:52:45] "GET /flutter_bootstrap.js HTTP/1.1" 200 -
::1 - - [30/Nov/2025 19:52:45] "GET /flutter_service_worker.js?v=2673677276 HTTP/1.1" 200 -
::1 - - [30/Nov/2025 19:52:45] "GET /main.dart.js HTTP/1.1" 200 -
::1 - - [30/Nov/2025 19:52:45] "GET /flutter_bootstrap.js HTTP/1.1" 200 -
::1 - - [30/Nov/2025 19:52:45] "GET /index.html HTTP/1.1" 200 -
::1 - - [30/Nov/2025 19:52:45] "GET /assets/AssetManifest.bin.json HTTP/1.1" 200 -
::1 - - [30/Nov/2025 19:52:45] "GET /assets/FontManifest.json HTTP/1.1" 200 -
::1 - - [30/Nov/2025 19:52:46] "GET /favicon.png HTTP/1.1" 200 -
::1 - - [30/Nov/2025 19:52:46] "GET /assets/fonts/MaterialIcons-Regular.otf HTTP/1.1" 200 -
::1 - - [30/Nov/2025 19:52:46] "GET /assets/packages/phosphor_flutter/lib/fonts/Phosphor-Bold.ttf HTTP/1.1" 200 -
::1 - - [30/Nov/2025 19:52:46] "GET /assets/packages/phosphor_flutter/lib/fonts/Phosphor-Fill.ttf HTTP/1.1" 200 -
::1 - - [30/Nov/2025 19:52:46] "GET /assets/packages/phosphor_flutter/lib/fonts/Phosphor-Light.ttf HTTP/1.1" 200 -
::1 - - [30/Nov/2025 19:52:46] "GET /assets/packages/phosphor_flutter/lib/fonts/Phosphor-Duotone.ttf HTTP/1.1" 200 -
::1 - - [30/Nov/2025 19:52:46] "GET /assets/packages/phosphor_flutter/lib/fonts/Phosphor-Thin.ttf HTTP/1.1" 200 -
::1 - - [30/Nov/2025 19:52:46] "GET /assets/packages/phosphor_flutter/lib/fonts/Phosphor.ttf HTTP/1.1" 200 -
::1 - - [30/Nov/2025 19:52:46] "GET /assets/packages/flutter_islamic_icons/assets/fonts/IslamicIcons.ttf HTTP/1.1" 200 -
::1 - - [30/Nov/2025 19:52:46] "GET /assets/packages/cupertino_icons/assets/CupertinoIcons.ttf HTTP/1.1" 200 -
::1 - - [30/Nov/2025 19:52:46] "GET /assets/.env HTTP/1.1" 200 -
::1 - - [30/Nov/2025 19:52:47] "GET /assets/assets/data/shariah_compliance_data.json HTTP/1.1" 200 -
::1 - - [30/Nov/2025 19:52:48] "GET /assets/assets/videos/splash_video.mov HTTP/1.1" 200 -
::1 - - [30/Nov/2025 19:53:04] code 404, message File not found
::1 - - [30/Nov/2025 19:53:04] "GET /assets/AssetManifest.json HTTP/1.1" 404 -
